<?xml version="1.0" encoding="UTF-8"?>
<!-- Generated by org.testng.reporters.JUnitReportReporter -->
<testsuite hostname="LAPTOP-J7JVCU8O" failures="0" tests="1" name="TestNg_groups.Sample2" time="0.006" errors="0" timestamp="2023-10-05T20:29:54 IST" skipped="0">
  <testcase classname="TestNg_groups.Sample2" name="demo5" time="0.006"/>
</testsuite> <!-- TestNg_groups.Sample2 -->
