<?xml version="1.0" encoding="UTF-8"?>
<!-- Generated by org.testng.reporters.JUnitReportReporter -->
<testsuite hostname="LAPTOP-J7JVCU8O" failures="0" tests="1" name="TestNg_failing.Amazon" time="40.420" errors="0" timestamp="2023-10-06T20:19:22 IST" skipped="0">
  <testcase classname="TestNg_failing.Amazon" name="amz" time="40.420"/>
</testsuite> <!-- TestNg_failing.Amazon -->
