<?xml version="1.0" encoding="UTF-8"?>
<!-- Generated by org.testng.reporters.JUnitReportReporter -->
<testsuite hostname="LAPTOP-J7JVCU8O" failures="0" tests="1" name="TestNg_Parallel.Facebook" time="15.597" errors="0" timestamp="2023-10-05T19:25:38 IST" skipped="0">
  <testcase classname="TestNg_Parallel.Facebook" name="fb" time="15.597"/>
</testsuite> <!-- TestNg_Parallel.Facebook -->
