<?xml version="1.0" encoding="UTF-8"?>
<!-- Generated by org.testng.reporters.JUnitReportReporter -->
<testsuite hostname="LAPTOP-J7JVCU8O" failures="0" tests="1" name="TestNg.SoftAssert" time="19.086" errors="0" timestamp="2023-10-05T21:05:05 IST" skipped="0">
  <testcase classname="TestNg.SoftAssert" name="fb" time="19.086"/>
</testsuite> <!-- TestNg.SoftAssert -->
