<?xml version="1.0" encoding="UTF-8"?>
<!-- Generated by org.testng.reporters.JUnitReportReporter -->
<testsuite hostname="LAPTOP-J7JVCU8O" failures="0" tests="3" name="TestNg.DataProviders" time="67.510" errors="0" timestamp="2023-10-06T21:02:35 IST" skipped="0">
  <testcase classname="TestNg.DataProviders" name="facebook" time="13.904"/>
  <testcase classname="TestNg.DataProviders" name="facebook" time="28.639"/>
  <testcase classname="TestNg.DataProviders" name="facebook" time="24.967"/>
</testsuite> <!-- TestNg.DataProviders -->
