<?xml version="1.0" encoding="UTF-8"?>
<!-- Generated by org.testng.reporters.JUnitReportReporter -->
<testsuite hostname="LAPTOP-J7JVCU8O" failures="0" tests="2" name="TestNg_Parallel.Facebook_Compatability" time="46.976" errors="0" timestamp="2023-10-05T20:06:47 IST" skipped="0">
  <testcase classname="TestNg_Parallel.Facebook_Compatability" name="fbc" time="27.919"/>
  <testcase classname="TestNg_Parallel.Facebook_Compatability" name="fbc" time="19.057"/>
</testsuite> <!-- TestNg_Parallel.Facebook_Compatability -->
