<?xml version="1.0" encoding="UTF-8"?>
<!-- Generated by org.testng.reporters.JUnitReportReporter -->
<testsuite hostname="LAPTOP-J7JVCU8O" failures="0" tests="2" name="TestNg_groups.Sample1" time="0.016" errors="0" timestamp="2023-10-05T20:29:54 IST" skipped="0">
  <testcase classname="TestNg_groups.Sample1" name="demo1" time="0.010"/>
  <testcase classname="TestNg_groups.Sample1" name="demo2" time="0.006"/>
</testsuite> <!-- TestNg_groups.Sample1 -->
