<?xml version="1.0" encoding="UTF-8"?>
<!-- Generated by org.testng.reporters.JUnitReportReporter -->
<testsuite hostname="LAPTOP-J7JVCU8O" failures="0" tests="1" name="TestNg_Parallel.Amazon" time="14.242" errors="0" timestamp="2023-10-05T19:25:38 IST" skipped="0">
  <testcase classname="TestNg_Parallel.Amazon" name="amz" time="14.242"/>
</testsuite> <!-- TestNg_Parallel.Amazon -->
