<?xml version="1.0" encoding="UTF-8"?>
<!-- Generated by org.testng.reporters.JUnitReportReporter -->
<testsuite hostname="LAPTOP-J7JVCU8O" failures="0" tests="8" name="TestNg.Priority_invocation_Enabled" time="0.031" errors="0" timestamp="2023-10-04T20:18:53 IST" skipped="0">
  <testcase classname="TestNg.Priority_invocation_Enabled" name="demo3" time="0.006"/>
  <testcase classname="TestNg.Priority_invocation_Enabled" name="demo3" time="0.008"/>
  <testcase classname="TestNg.Priority_invocation_Enabled" name="demo5" time="0.006"/>
  <testcase classname="TestNg.Priority_invocation_Enabled" name="demo5" time="0.003"/>
  <testcase classname="TestNg.Priority_invocation_Enabled" name="demo2" time="0.001"/>
  <testcase classname="TestNg.Priority_invocation_Enabled" name="demo4" time="0.003"/>
  <testcase classname="TestNg.Priority_invocation_Enabled" name="demo1" time="0.001"/>
  <testcase classname="TestNg.Priority_invocation_Enabled" name="demo1" time="0.003"/>
</testsuite> <!-- TestNg.Priority_invocation_Enabled -->
