<?xml version="1.0" encoding="UTF-8"?>
<!-- Generated by org.testng.reporters.JUnitReportReporter -->
<testsuite hostname="LAPTOP-J7JVCU8O" failures="0" tests="3" name="TestNg.Annotations" time="129.167" errors="0" timestamp="2023-10-06T19:57:45 IST" skipped="0">
  <testcase classname="TestNg.Annotations" name="snapdeal" time="32.973"/>
  <testcase classname="TestNg.Annotations" name="amazon" time="76.312"/>
  <testcase classname="TestNg.Annotations" name="facebook" time="19.882"/>
</testsuite> <!-- TestNg.Annotations -->
