<?xml version="1.0" encoding="UTF-8"?>
<!-- Generated by org.testng.reporters.JUnitReportReporter -->
<testsuite hostname="LAPTOP-J7JVCU8O" failures="0" tests="1" name="TestNg_sequential.amazon" time="19.735" errors="0" timestamp="2023-10-04T20:42:17 IST" skipped="0">
  <testcase classname="TestNg_sequential.amazon" name="amz" time="19.735"/>
</testsuite> <!-- TestNg_sequential.amazon -->
